<?xml version="1.0" encoding="UTF-8"?>
<testsuite name="GameOfLifeTestTest" tests="5" skipped="0" failures="0" errors="0" timestamp="2020-04-24T08:51:07" hostname="admin1-ThinkCentre-M72e" time="0.004">
  <properties/>
  <testcase name="AnyLiveCellWithFewerThanTwoLiveNeighborsDies" classname="GameOfLifeTestTest" time="0.002"/>
  <testcase name="Grid" classname="GameOfLifeTestTest" time="0.0"/>
  <testcase name="CellIsDeadBut3LivesNeighborsCausesItToBeBorn" classname="GameOfLifeTestTest" time="0.0"/>
  <testcase name="AnyLiveCellWithTwoLiveNeighborsLivesOnToTheNextGeneration" classname="GameOfLifeTestTest" time="0.0"/>
  <testcase name="AnyLiveCellWithMoreThanThreeLiveNeighborsDies" classname="GameOfLifeTestTest" time="0.0"/>
  <system-out><![CDATA[]]></system-out>
  <system-err><![CDATA[]]></system-err>
</testsuite>
